{"/home/chuls/Documents/projects/besaints/App.tsx": {"path":"/home/chuls/Documents/projects/besaints/App.tsx","statementMap":{"0":{"start":{"line":26,"column":15},"end":{"line":63,"column":2}},"1":{"start":{"line":65,"column":14},"end":{"line":65,"column":36}},"2":{"start":{"line":67,"column":19},"end":{"line":76,"column":1}},"3":{"start":{"line":68,"column":2},"end":{"line":75,"column":23}},"4":{"start":{"line":69,"column":19},"end":{"line":69,"column":51}},"5":{"start":{"line":78,"column":30},"end":{"line":82,"column":1}},"6":{"start":{"line":79,"column":2},"end":{"line":81,"column":9}},"7":{"start":{"line":84,"column":19},"end":{"line":104,"column":1}},"8":{"start":{"line":85,"column":2},"end":{"line":103,"column":9}},"9":{"start":{"line":108,"column":13},"end":{"line":108,"column":37}},"10":{"start":{"line":110,"column":26},"end":{"line":110,"column":65}},"11":{"start":{"line":111,"column":2},"end":{"line":111,"column":77}},"12":{"start":{"line":111,"column":36},"end":{"line":111,"column":77}},"13":{"start":{"line":115,"column":50},"end":{"line":115,"column":65}},"14":{"start":{"line":116,"column":24},"end":{"line":116,"column":56}},"15":{"start":{"line":118,"column":2},"end":{"line":125,"column":8}},"16":{"start":{"line":119,"column":4},"end":{"line":122,"column":6}},"17":{"start":{"line":120,"column":6},"end":{"line":121,"column":67}},"18":{"start":{"line":121,"column":8},"end":{"line":121,"column":67}},"19":{"start":{"line":124,"column":4},"end":{"line":124,"column":70}},"20":{"start":{"line":124,"column":27},"end":{"line":124,"column":70}},"21":{"start":{"line":124,"column":44},"end":{"line":124,"column":69}},"22":{"start":{"line":127,"column":2},"end":{"line":150,"column":3}}},"fnMap":{"0":{"name":"(anonymous_0)","decl":{"start":{"line":67,"column":19},"end":{"line":67,"column":20}},"loc":{"start":{"line":68,"column":2},"end":{"line":75,"column":23}},"line":68},"1":{"name":"(anonymous_1)","decl":{"start":{"line":69,"column":13},"end":{"line":69,"column":14}},"loc":{"start":{"line":69,"column":19},"end":{"line":69,"column":51}},"line":69},"2":{"name":"(anonymous_2)","decl":{"start":{"line":78,"column":30},"end":{"line":78,"column":31}},"loc":{"start":{"line":79,"column":2},"end":{"line":81,"column":9}},"line":79},"3":{"name":"(anonymous_3)","decl":{"start":{"line":84,"column":19},"end":{"line":84,"column":20}},"loc":{"start":{"line":85,"column":2},"end":{"line":103,"column":9}},"line":85},"4":{"name":"init","decl":{"start":{"line":107,"column":15},"end":{"line":107,"column":19}},"loc":{"start":{"line":107,"column":22},"end":{"line":112,"column":1}},"line":107},"5":{"name":"App","decl":{"start":{"line":114,"column":24},"end":{"line":114,"column":27}},"loc":{"start":{"line":114,"column":30},"end":{"line":151,"column":1}},"line":114},"6":{"name":"(anonymous_6)","decl":{"start":{"line":118,"column":12},"end":{"line":118,"column":13}},"loc":{"start":{"line":118,"column":18},"end":{"line":125,"column":3}},"line":118},"7":{"name":"(anonymous_7)","decl":{"start":{"line":119,"column":58},"end":{"line":119,"column":59}},"loc":{"start":{"line":119,"column":74},"end":{"line":122,"column":5}},"line":119},"8":{"name":"(anonymous_8)","decl":{"start":{"line":124,"column":39},"end":{"line":124,"column":40}},"loc":{"start":{"line":124,"column":44},"end":{"line":124,"column":69}},"line":124}},"branchMap":{"0":{"loc":{"start":{"line":33,"column":16},"end":{"line":33,"column":71}},"type":"cond-expr","locations":[{"start":{"line":33,"column":44},"end":{"line":33,"column":67}},{"start":{"line":33,"column":70},"end":{"line":33,"column":71}}],"line":33},"1":{"loc":{"start":{"line":111,"column":2},"end":{"line":111,"column":77}},"type":"if","locations":[{"start":{"line":111,"column":2},"end":{"line":111,"column":77}},{"start":{},"end":{}}],"line":111},"2":{"loc":{"start":{"line":120,"column":6},"end":{"line":121,"column":67}},"type":"if","locations":[{"start":{"line":120,"column":6},"end":{"line":121,"column":67}},{"start":{},"end":{}}],"line":120},"3":{"loc":{"start":{"line":124,"column":4},"end":{"line":124,"column":70}},"type":"if","locations":[{"start":{"line":124,"column":4},"end":{"line":124,"column":70}},{"start":{},"end":{}}],"line":124},"4":{"loc":{"start":{"line":127,"column":9},"end":{"line":150,"column":3}},"type":"cond-expr","locations":[{"start":{"line":128,"column":4},"end":{"line":147,"column":26}},{"start":{"line":149,"column":4},"end":{"line":149,"column":15}}],"line":127},"5":{"loc":{"start":{"line":127,"column":9},"end":{"line":127,"column":40}},"type":"binary-expr","locations":[{"start":{"line":127,"column":9},"end":{"line":127,"column":25}},{"start":{"line":127,"column":29},"end":{"line":127,"column":40}}],"line":127}},"s":{"0":0,"1":0,"2":0,"3":0,"4":0,"5":0,"6":0,"7":0,"8":0,"9":0,"10":0,"11":0,"12":0,"13":0,"14":0,"15":0,"16":0,"17":0,"18":0,"19":0,"20":0,"21":0,"22":0},"f":{"0":0,"1":0,"2":0,"3":0,"4":0,"5":0,"6":0,"7":0,"8":0},"b":{"0":[0,0],"1":[0,0],"2":[0,0],"3":[0,0],"4":[0,0],"5":[0,0]}}
,"/home/chuls/Documents/projects/besaints/components/About.tsx": {"path":"/home/chuls/Documents/projects/besaints/components/About.tsx","statementMap":{"0":{"start":{"line":21,"column":24},"end":{"line":24,"column":4}},"1":{"start":{"line":26,"column":2},"end":{"line":61,"column":3}},"2":{"start":{"line":43,"column":27},"end":{"line":43,"column":74}}},"fnMap":{"0":{"name":"About","decl":{"start":{"line":20,"column":24},"end":{"line":20,"column":29}},"loc":{"start":{"line":20,"column":32},"end":{"line":62,"column":1}},"line":20},"1":{"name":"(anonymous_1)","decl":{"start":{"line":43,"column":21},"end":{"line":43,"column":22}},"loc":{"start":{"line":43,"column":27},"end":{"line":43,"column":74}},"line":43}},"branchMap":{"0":{"loc":{"start":{"line":26,"column":9},"end":{"line":61,"column":3}},"type":"cond-expr","locations":[{"start":{"line":27,"column":4},"end":{"line":56,"column":19}},{"start":{"line":58,"column":4},"end":{"line":60,"column":11}}],"line":26}},"s":{"0":0,"1":0,"2":0},"f":{"0":0,"1":0},"b":{"0":[0,0]}}
,"/home/chuls/Documents/projects/besaints/components/Loading.tsx": {"path":"/home/chuls/Documents/projects/besaints/components/Loading.tsx","statementMap":{"0":{"start":{"line":12,"column":15},"end":{"line":21,"column":2}},"1":{"start":{"line":23,"column":23},"end":{"line":37,"column":1}},"2":{"start":{"line":24,"column":2},"end":{"line":36,"column":9}}},"fnMap":{"0":{"name":"(anonymous_0)","decl":{"start":{"line":23,"column":23},"end":{"line":23,"column":24}},"loc":{"start":{"line":24,"column":2},"end":{"line":36,"column":9}},"line":24}},"branchMap":{"0":{"loc":{"start":{"line":18,"column":16},"end":{"line":18,"column":71}},"type":"cond-expr","locations":[{"start":{"line":18,"column":44},"end":{"line":18,"column":67}},{"start":{"line":18,"column":70},"end":{"line":18,"column":71}}],"line":18}},"s":{"0":0,"1":0,"2":0},"f":{"0":0},"b":{"0":[0,0]}}
,"/home/chuls/Documents/projects/besaints/components/Phrase.tsx": {"path":"/home/chuls/Documents/projects/besaints/components/Phrase.tsx","statementMap":{"0":{"start":{"line":11,"column":28},"end":{"line":15,"column":1}},"1":{"start":{"line":18,"column":30},"end":{"line":18,"column":51}},"2":{"start":{"line":19,"column":24},"end":{"line":19,"column":63}},"3":{"start":{"line":20,"column":2},"end":{"line":20,"column":53}},"4":{"start":{"line":20,"column":18},"end":{"line":20,"column":48}},"5":{"start":{"line":22,"column":18},"end":{"line":22,"column":77}},"6":{"start":{"line":22,"column":30},"end":{"line":22,"column":77}},"7":{"start":{"line":24,"column":2},"end":{"line":52,"column":3}}},"fnMap":{"0":{"name":"PhraseView","decl":{"start":{"line":17,"column":24},"end":{"line":17,"column":34}},"loc":{"start":{"line":17,"column":37},"end":{"line":53,"column":1}},"line":17},"1":{"name":"(anonymous_1)","decl":{"start":{"line":20,"column":12},"end":{"line":20,"column":13}},"loc":{"start":{"line":20,"column":18},"end":{"line":20,"column":48}},"line":20},"2":{"name":"(anonymous_2)","decl":{"start":{"line":22,"column":18},"end":{"line":22,"column":19}},"loc":{"start":{"line":22,"column":30},"end":{"line":22,"column":77}},"line":22}},"branchMap":{"0":{"loc":{"start":{"line":24,"column":9},"end":{"line":52,"column":3}},"type":"cond-expr","locations":[{"start":{"line":25,"column":4},"end":{"line":47,"column":11}},{"start":{"line":49,"column":4},"end":{"line":51,"column":11}}],"line":24}},"s":{"0":0,"1":0,"2":0,"3":0,"4":0,"5":0,"6":0,"7":0},"f":{"0":0,"1":0,"2":0},"b":{"0":[0,0]}}
,"/home/chuls/Documents/projects/besaints/components/Saints.tsx": {"path":"/home/chuls/Documents/projects/besaints/components/Saints.tsx","statementMap":{"0":{"start":{"line":21,"column":16},"end":{"line":21,"column":26}},"1":{"start":{"line":22,"column":14},"end":{"line":22,"column":34}},"2":{"start":{"line":23,"column":12},"end":{"line":23,"column":27}},"3":{"start":{"line":24,"column":17},"end":{"line":24,"column":33}},"4":{"start":{"line":25,"column":15},"end":{"line":25,"column":29}},"5":{"start":{"line":26,"column":2},"end":{"line":26,"column":43}},"6":{"start":{"line":26,"column":18},"end":{"line":26,"column":43}},"7":{"start":{"line":27,"column":2},"end":{"line":27,"column":37}},"8":{"start":{"line":27,"column":16},"end":{"line":27,"column":37}},"9":{"start":{"line":28,"column":2},"end":{"line":28,"column":74}},"10":{"start":{"line":32,"column":40},"end":{"line":32,"column":52}},"11":{"start":{"line":33,"column":46},"end":{"line":33,"column":60}},"12":{"start":{"line":34,"column":24},"end":{"line":37,"column":4}},"13":{"start":{"line":39,"column":2},"end":{"line":44,"column":8}},"14":{"start":{"line":40,"column":24},"end":{"line":40,"column":43}},"15":{"start":{"line":41,"column":4},"end":{"line":43,"column":35}},"16":{"start":{"line":46,"column":20},"end":{"line":59,"column":3}},"17":{"start":{"line":47,"column":4},"end":{"line":58,"column":11}},"18":{"start":{"line":61,"column":2},"end":{"line":93,"column":3}},"19":{"start":{"line":66,"column":36},"end":{"line":66,"column":66}},"20":{"start":{"line":67,"column":33},"end":{"line":67,"column":44}},"21":{"start":{"line":72,"column":28},"end":{"line":72,"column":67}}},"fnMap":{"0":{"name":"getTodaysVaticanLink","decl":{"start":{"line":20,"column":9},"end":{"line":20,"column":29}},"loc":{"start":{"line":20,"column":40},"end":{"line":29,"column":1}},"line":20},"1":{"name":"DailySaint","decl":{"start":{"line":31,"column":24},"end":{"line":31,"column":34}},"loc":{"start":{"line":31,"column":37},"end":{"line":94,"column":1}},"line":31},"2":{"name":"(anonymous_2)","decl":{"start":{"line":39,"column":12},"end":{"line":39,"column":13}},"loc":{"start":{"line":39,"column":18},"end":{"line":44,"column":3}},"line":39},"3":{"name":"(anonymous_3)","decl":{"start":{"line":46,"column":20},"end":{"line":46,"column":21}},"loc":{"start":{"line":47,"column":4},"end":{"line":58,"column":11}},"line":47},"4":{"name":"(anonymous_4)","decl":{"start":{"line":66,"column":22},"end":{"line":66,"column":23}},"loc":{"start":{"line":66,"column":36},"end":{"line":66,"column":66}},"line":66},"5":{"name":"(anonymous_5)","decl":{"start":{"line":67,"column":24},"end":{"line":67,"column":25}},"loc":{"start":{"line":67,"column":33},"end":{"line":67,"column":44}},"line":67},"6":{"name":"(anonymous_6)","decl":{"start":{"line":72,"column":23},"end":{"line":72,"column":24}},"loc":{"start":{"line":72,"column":28},"end":{"line":72,"column":67}},"line":72}},"branchMap":{"0":{"loc":{"start":{"line":26,"column":2},"end":{"line":26,"column":43}},"type":"if","locations":[{"start":{"line":26,"column":2},"end":{"line":26,"column":43}},{"start":{},"end":{}}],"line":26},"1":{"loc":{"start":{"line":27,"column":2},"end":{"line":27,"column":37}},"type":"if","locations":[{"start":{"line":27,"column":2},"end":{"line":27,"column":37}},{"start":{},"end":{}}],"line":27},"2":{"loc":{"start":{"line":41,"column":4},"end":{"line":43,"column":35}},"type":"cond-expr","locations":[{"start":{"line":42,"column":8},"end":{"line":42,"column":32}},{"start":{"line":43,"column":8},"end":{"line":43,"column":35}}],"line":41},"3":{"loc":{"start":{"line":41,"column":4},"end":{"line":41,"column":66}},"type":"binary-expr","locations":[{"start":{"line":41,"column":4},"end":{"line":41,"column":38}},{"start":{"line":41,"column":42},"end":{"line":41,"column":66}}],"line":41},"4":{"loc":{"start":{"line":61,"column":9},"end":{"line":93,"column":3}},"type":"cond-expr","locations":[{"start":{"line":62,"column":4},"end":{"line":85,"column":5}},{"start":{"line":87,"column":4},"end":{"line":92,"column":19}}],"line":61},"5":{"loc":{"start":{"line":62,"column":4},"end":{"line":85,"column":5}},"type":"cond-expr","locations":[{"start":{"line":63,"column":6},"end":{"line":80,"column":21}},{"start":{"line":82,"column":6},"end":{"line":84,"column":13}}],"line":62}},"s":{"0":0,"1":0,"2":0,"3":0,"4":0,"5":0,"6":0,"7":0,"8":0,"9":0,"10":0,"11":0,"12":0,"13":0,"14":0,"15":0,"16":0,"17":0,"18":0,"19":0,"20":0,"21":0},"f":{"0":0,"1":0,"2":0,"3":0,"4":0,"5":0,"6":0},"b":{"0":[0,0],"1":[0,0],"2":[0,0],"3":[0,0],"4":[0,0],"5":[0,0]}}
,"/home/chuls/Documents/projects/besaints/components/Settings.tsx": {"path":"/home/chuls/Documents/projects/besaints/components/Settings.tsx","statementMap":{"0":{"start":{"line":13,"column":26},"end":{"line":13,"column":42}},"1":{"start":{"line":14,"column":26},"end":{"line":14,"column":41}},"2":{"start":{"line":15,"column":24},"end":{"line":15,"column":38}},"3":{"start":{"line":16,"column":36},"end":{"line":16,"column":51}},"4":{"start":{"line":17,"column":50},"end":{"line":17,"column":70}},"5":{"start":{"line":18,"column":58},"end":{"line":18,"column":73}},"6":{"start":{"line":19,"column":24},"end":{"line":19,"column":56}},"7":{"start":{"line":21,"column":19},"end":{"line":36,"column":3}},"8":{"start":{"line":22,"column":24},"end":{"line":22,"column":56}},"9":{"start":{"line":23,"column":4},"end":{"line":23,"column":34}},"10":{"start":{"line":24,"column":4},"end":{"line":24,"column":68}},"11":{"start":{"line":24,"column":62},"end":{"line":24,"column":68}},"12":{"start":{"line":25,"column":4},"end":{"line":25,"column":36}},"13":{"start":{"line":26,"column":4},"end":{"line":26,"column":33}},"14":{"start":{"line":27,"column":15},"end":{"line":27,"column":39}},"15":{"start":{"line":28,"column":4},"end":{"line":28,"column":46}},"16":{"start":{"line":29,"column":24},"end":{"line":32,"column":5}},"17":{"start":{"line":33,"column":4},"end":{"line":33,"column":40}},"18":{"start":{"line":34,"column":4},"end":{"line":34,"column":45}},"19":{"start":{"line":35,"column":4},"end":{"line":35,"column":34}},"20":{"start":{"line":38,"column":19},"end":{"line":41,"column":3}},"21":{"start":{"line":39,"column":4},"end":{"line":39,"column":17}},"22":{"start":{"line":40,"column":4},"end":{"line":40,"column":24}},"23":{"start":{"line":43,"column":25},"end":{"line":43,"column":47}},"24":{"start":{"line":43,"column":31},"end":{"line":43,"column":47}},"25":{"start":{"line":45,"column":2},"end":{"line":60,"column":11}},"26":{"start":{"line":46,"column":4},"end":{"line":48,"column":40}},"27":{"start":{"line":47,"column":19},"end":{"line":47,"column":30}},"28":{"start":{"line":48,"column":21},"end":{"line":48,"column":39}},"29":{"start":{"line":49,"column":4},"end":{"line":59,"column":6}},"30":{"start":{"line":50,"column":18},"end":{"line":50,"column":28}},"31":{"start":{"line":51,"column":19},"end":{"line":57,"column":7}},"32":{"start":{"line":58,"column":6},"end":{"line":58,"column":31}},"33":{"start":{"line":63,"column":17},"end":{"line":63,"column":51}},"34":{"start":{"line":64,"column":4},"end":{"line":64,"column":46}},"35":{"start":{"line":65,"column":4},"end":{"line":65,"column":17}},"36":{"start":{"line":68,"column":2},"end":{"line":119,"column":3}},"37":{"start":{"line":78,"column":38},"end":{"line":78,"column":55}}},"fnMap":{"0":{"name":"Settings","decl":{"start":{"line":12,"column":24},"end":{"line":12,"column":32}},"loc":{"start":{"line":12,"column":35},"end":{"line":120,"column":1}},"line":12},"1":{"name":"(anonymous_1)","decl":{"start":{"line":21,"column":19},"end":{"line":21,"column":20}},"loc":{"start":{"line":21,"column":50},"end":{"line":36,"column":3}},"line":21},"2":{"name":"(anonymous_2)","decl":{"start":{"line":38,"column":19},"end":{"line":38,"column":20}},"loc":{"start":{"line":38,"column":44},"end":{"line":41,"column":3}},"line":38},"3":{"name":"(anonymous_3)","decl":{"start":{"line":43,"column":25},"end":{"line":43,"column":26}},"loc":{"start":{"line":43,"column":31},"end":{"line":43,"column":47}},"line":43},"4":{"name":"(anonymous_4)","decl":{"start":{"line":45,"column":12},"end":{"line":45,"column":13}},"loc":{"start":{"line":45,"column":18},"end":{"line":60,"column":3}},"line":45},"5":{"name":"(anonymous_5)","decl":{"start":{"line":47,"column":12},"end":{"line":47,"column":13}},"loc":{"start":{"line":47,"column":19},"end":{"line":47,"column":30}},"line":47},"6":{"name":"(anonymous_6)","decl":{"start":{"line":48,"column":15},"end":{"line":48,"column":16}},"loc":{"start":{"line":48,"column":21},"end":{"line":48,"column":39}},"line":48},"7":{"name":"(anonymous_7)","decl":{"start":{"line":49,"column":29},"end":{"line":49,"column":30}},"loc":{"start":{"line":49,"column":44},"end":{"line":59,"column":5}},"line":49},"8":{"name":"changessn","decl":{"start":{"line":62,"column":17},"end":{"line":62,"column":26}},"loc":{"start":{"line":62,"column":29},"end":{"line":66,"column":3}},"line":62},"9":{"name":"(anonymous_9)","decl":{"start":{"line":78,"column":20},"end":{"line":78,"column":21}},"loc":{"start":{"line":78,"column":38},"end":{"line":78,"column":55}},"line":78}},"branchMap":{"0":{"loc":{"start":{"line":22,"column":24},"end":{"line":22,"column":56}},"type":"binary-expr","locations":[{"start":{"line":22,"column":24},"end":{"line":22,"column":36}},{"start":{"line":22,"column":40},"end":{"line":22,"column":56}}],"line":22},"1":{"loc":{"start":{"line":24,"column":4},"end":{"line":24,"column":68}},"type":"if","locations":[{"start":{"line":24,"column":4},"end":{"line":24,"column":68}},{"start":{},"end":{}}],"line":24},"2":{"loc":{"start":{"line":68,"column":9},"end":{"line":119,"column":3}},"type":"cond-expr","locations":[{"start":{"line":69,"column":4},"end":{"line":109,"column":11}},{"start":{"line":111,"column":4},"end":{"line":118,"column":11}}],"line":68},"3":{"loc":{"start":{"line":68,"column":9},"end":{"line":68,"column":58}},"type":"binary-expr","locations":[{"start":{"line":68,"column":9},"end":{"line":68,"column":18}},{"start":{"line":68,"column":22},"end":{"line":68,"column":43}},{"start":{"line":68,"column":47},"end":{"line":68,"column":58}}],"line":68},"4":{"loc":{"start":{"line":95,"column":9},"end":{"line":107,"column":9}},"type":"binary-expr","locations":[{"start":{"line":95,"column":9},"end":{"line":95,"column":13}},{"start":{"line":96,"column":10},"end":{"line":106,"column":12}}],"line":95}},"s":{"0":0,"1":0,"2":0,"3":0,"4":0,"5":0,"6":0,"7":0,"8":0,"9":0,"10":0,"11":0,"12":0,"13":0,"14":0,"15":0,"16":0,"17":0,"18":0,"19":0,"20":0,"21":0,"22":0,"23":0,"24":0,"25":0,"26":0,"27":0,"28":0,"29":0,"30":0,"31":0,"32":0,"33":0,"34":0,"35":0,"36":0,"37":0},"f":{"0":0,"1":0,"2":0,"3":0,"4":0,"5":0,"6":0,"7":0,"8":0,"9":0},"b":{"0":[0,0],"1":[0,0],"2":[0,0],"3":[0,0,0],"4":[0,0]}}
,"/home/chuls/Documents/projects/besaints/db/notifications.ts": {"path":"/home/chuls/Documents/projects/besaints/db/notifications.ts","statementMap":{"0":{"start":{"line":8,"column":0},"end":{"line":8,"column":15}},"1":{"start":{"line":9,"column":11},"end":{"line":9,"column":25}},"2":{"start":{"line":10,"column":22},"end":{"line":10,"column":52}}},"fnMap":{},"branchMap":{},"s":{"0":0,"1":0,"2":0},"f":{},"b":{}}
,"/home/chuls/Documents/projects/besaints/db/phrases.ts": {"path":"/home/chuls/Documents/projects/besaints/db/phrases.ts","statementMap":{"0":{"start":{"line":6,"column":0},"end":{"line":6,"column":15}},"1":{"start":{"line":7,"column":11},"end":{"line":7,"column":25}},"2":{"start":{"line":8,"column":16},"end":{"line":8,"column":40}},"3":{"start":{"line":10,"column":22},"end":{"line":18,"column":1}},"4":{"start":{"line":11,"column":20},"end":{"line":13,"column":34}},"5":{"start":{"line":14,"column":2},"end":{"line":17,"column":5}},"6":{"start":{"line":14,"column":34},"end":{"line":17,"column":3}},"7":{"start":{"line":20,"column":23},"end":{"line":29,"column":1}},"8":{"start":{"line":21,"column":17},"end":{"line":24,"column":34}},"9":{"start":{"line":25,"column":2},"end":{"line":28,"column":3}}},"fnMap":{"0":{"name":"(anonymous_0)","decl":{"start":{"line":10,"column":22},"end":{"line":10,"column":23}},"loc":{"start":{"line":10,"column":78},"end":{"line":18,"column":1}},"line":10},"1":{"name":"(anonymous_1)","decl":{"start":{"line":14,"column":23},"end":{"line":14,"column":24}},"loc":{"start":{"line":14,"column":34},"end":{"line":17,"column":3}},"line":14},"2":{"name":"(anonymous_2)","decl":{"start":{"line":20,"column":23},"end":{"line":20,"column":24}},"loc":{"start":{"line":20,"column":77},"end":{"line":29,"column":1}},"line":20}},"branchMap":{},"s":{"0":0,"1":0,"2":0,"3":0,"4":0,"5":0,"6":0,"7":0,"8":0,"9":0},"f":{"0":0,"1":0,"2":0},"b":{}}
,"/home/chuls/Documents/projects/besaints/db/saints.ts": {"path":"/home/chuls/Documents/projects/besaints/db/saints.ts","statementMap":{"0":{"start":{"line":4,"column":23},"end":{"line":4,"column":65}},"1":{"start":{"line":4,"column":29},"end":{"line":4,"column":65}}},"fnMap":{"0":{"name":"(anonymous_0)","decl":{"start":{"line":4,"column":23},"end":{"line":4,"column":24}},"loc":{"start":{"line":4,"column":29},"end":{"line":4,"column":65}},"line":4}},"branchMap":{},"s":{"0":0,"1":0},"f":{"0":0},"b":{}}
,"/home/chuls/Documents/projects/besaints/db/users.ts": {"path":"/home/chuls/Documents/projects/besaints/db/users.ts","statementMap":{"0":{"start":{"line":7,"column":0},"end":{"line":7,"column":15}},"1":{"start":{"line":8,"column":11},"end":{"line":8,"column":25}},"2":{"start":{"line":9,"column":14},"end":{"line":9,"column":36}},"3":{"start":{"line":11,"column":16},"end":{"line":20,"column":1}},"4":{"start":{"line":12,"column":15},"end":{"line":12,"column":40}},"5":{"start":{"line":13,"column":20},"end":{"line":13,"column":31}},"6":{"start":{"line":14,"column":2},"end":{"line":14,"column":29}},"7":{"start":{"line":14,"column":18},"end":{"line":14,"column":29}},"8":{"start":{"line":15,"column":2},"end":{"line":19,"column":3}},"9":{"start":{"line":22,"column":19},"end":{"line":29,"column":1}},"10":{"start":{"line":23,"column":15},"end":{"line":26,"column":4}},"11":{"start":{"line":27,"column":2},"end":{"line":27,"column":48}},"12":{"start":{"line":28,"column":2},"end":{"line":28,"column":16}},"13":{"start":{"line":31,"column":19},"end":{"line":33,"column":1}},"14":{"start":{"line":32,"column":2},"end":{"line":32,"column":41}},"15":{"start":{"line":35,"column":19},"end":{"line":37,"column":1}},"16":{"start":{"line":36,"column":2},"end":{"line":36,"column":30}}},"fnMap":{"0":{"name":"(anonymous_0)","decl":{"start":{"line":11,"column":16},"end":{"line":11,"column":17}},"loc":{"start":{"line":11,"column":53},"end":{"line":20,"column":1}},"line":11},"1":{"name":"(anonymous_1)","decl":{"start":{"line":22,"column":19},"end":{"line":22,"column":20}},"loc":{"start":{"line":22,"column":31},"end":{"line":29,"column":1}},"line":22},"2":{"name":"(anonymous_2)","decl":{"start":{"line":31,"column":19},"end":{"line":31,"column":20}},"loc":{"start":{"line":31,"column":66},"end":{"line":33,"column":1}},"line":31},"3":{"name":"(anonymous_3)","decl":{"start":{"line":35,"column":19},"end":{"line":35,"column":20}},"loc":{"start":{"line":35,"column":41},"end":{"line":37,"column":1}},"line":35}},"branchMap":{"0":{"loc":{"start":{"line":14,"column":2},"end":{"line":14,"column":29}},"type":"if","locations":[{"start":{"line":14,"column":2},"end":{"line":14,"column":29}},{"start":{},"end":{}}],"line":14}},"s":{"0":0,"1":0,"2":0,"3":0,"4":0,"5":0,"6":0,"7":0,"8":0,"9":0,"10":0,"11":0,"12":0,"13":0,"14":0,"15":0,"16":0},"f":{"0":0,"1":0,"2":0,"3":0},"b":{"0":[0,0]}}
,"/home/chuls/Documents/projects/besaints/utils/consts.ts": {"path":"/home/chuls/Documents/projects/besaints/utils/consts.ts","statementMap":{"0":{"start":{"line":5,"column":43},"end":{"line":8,"column":1}},"1":{"start":{"line":10,"column":29},"end":{"line":14,"column":1}},"2":{"start":{"line":11,"column":14},"end":{"line":11,"column":24}},"3":{"start":{"line":12,"column":25},"end":{"line":12,"column":58}},"4":{"start":{"line":13,"column":2},"end":{"line":13,"column":46}},"5":{"start":{"line":16,"column":20},"end":{"line":16,"column":29}},"6":{"start":{"line":17,"column":25},"end":{"line":17,"column":34}},"7":{"start":{"line":18,"column":25},"end":{"line":18,"column":34}},"8":{"start":{"line":20,"column":30},"end":{"line":20,"column":37}},"9":{"start":{"line":21,"column":48},"end":{"line":29,"column":1}}},"fnMap":{"0":{"name":"(anonymous_0)","decl":{"start":{"line":10,"column":29},"end":{"line":10,"column":30}},"loc":{"start":{"line":10,"column":35},"end":{"line":14,"column":1}},"line":10}},"branchMap":{},"s":{"0":0,"1":0,"2":0,"3":0,"4":0,"5":0,"6":0,"7":0,"8":0,"9":0},"f":{"0":0},"b":{}}
,"/home/chuls/Documents/projects/besaints/utils/interfaces.ts": {"path":"/home/chuls/Documents/projects/besaints/utils/interfaces.ts","statementMap":{},"fnMap":{},"branchMap":{},"s":{},"f":{},"b":{}}
,"/home/chuls/Documents/projects/besaints/utils/notifications.ts": {"path":"/home/chuls/Documents/projects/besaints/utils/notifications.ts","statementMap":{"0":{"start":{"line":14,"column":32},"end":{"line":14,"column":34}},"1":{"start":{"line":17,"column":0},"end":{"line":23,"column":2}},"2":{"start":{"line":18,"column":35},"end":{"line":22,"column":3}},"3":{"start":{"line":26,"column":33},"end":{"line":27,"column":59}},"4":{"start":{"line":27,"column":4},"end":{"line":27,"column":59}},"5":{"start":{"line":29,"column":36},"end":{"line":30,"column":62}},"6":{"start":{"line":30,"column":4},"end":{"line":30,"column":62}},"7":{"start":{"line":33,"column":28},"end":{"line":39,"column":5}},"8":{"start":{"line":34,"column":4},"end":{"line":39,"column":5}},"9":{"start":{"line":42,"column":4},"end":{"line":42,"column":25}},"10":{"start":{"line":42,"column":19},"end":{"line":42,"column":25}},"11":{"start":{"line":43,"column":39},"end":{"line":43,"column":80}},"12":{"start":{"line":44,"column":22},"end":{"line":44,"column":36}},"13":{"start":{"line":45,"column":4},"end":{"line":48,"column":5}},"14":{"start":{"line":46,"column":25},"end":{"line":46,"column":70}},"15":{"start":{"line":47,"column":6},"end":{"line":47,"column":26}},"16":{"start":{"line":49,"column":4},"end":{"line":52,"column":5}},"17":{"start":{"line":50,"column":6},"end":{"line":50,"column":68}},"18":{"start":{"line":51,"column":6},"end":{"line":51,"column":12}},"19":{"start":{"line":54,"column":4},"end":{"line":61,"column":5}},"20":{"start":{"line":55,"column":6},"end":{"line":60,"column":8}},"21":{"start":{"line":63,"column":4},"end":{"line":63,"column":61}},"22":{"start":{"line":66,"column":33},"end":{"line":69,"column":6}},"23":{"start":{"line":67,"column":4},"end":{"line":69,"column":6}},"24":{"start":{"line":71,"column":25},"end":{"line":92,"column":3}},"25":{"start":{"line":77,"column":4},"end":{"line":91,"column":5}},"26":{"start":{"line":94,"column":33},"end":{"line":112,"column":3}},"27":{"start":{"line":95,"column":18},"end":{"line":95,"column":28}},"28":{"start":{"line":96,"column":18},"end":{"line":96,"column":40}},"29":{"start":{"line":98,"column":6},"end":{"line":98,"column":113}},"30":{"start":{"line":99,"column":24},"end":{"line":99,"column":74}},"31":{"start":{"line":100,"column":20},"end":{"line":107,"column":5}},"32":{"start":{"line":108,"column":24},"end":{"line":108,"column":73}},"33":{"start":{"line":109,"column":25},"end":{"line":109,"column":75}},"34":{"start":{"line":110,"column":4},"end":{"line":110,"column":50}},"35":{"start":{"line":111,"column":4},"end":{"line":111,"column":23}},"36":{"start":{"line":120,"column":4},"end":{"line":120,"column":53}},"37":{"start":{"line":120,"column":47},"end":{"line":120,"column":53}},"38":{"start":{"line":121,"column":18},"end":{"line":121,"column":33}},"39":{"start":{"line":122,"column":17},"end":{"line":122,"column":47}},"40":{"start":{"line":123,"column":24},"end":{"line":123,"column":80}},"41":{"start":{"line":124,"column":18},"end":{"line":124,"column":28}},"42":{"start":{"line":125,"column":4},"end":{"line":128,"column":5}},"43":{"start":{"line":126,"column":27},"end":{"line":126,"column":79}},"44":{"start":{"line":127,"column":6},"end":{"line":127,"column":65}},"45":{"start":{"line":132,"column":4},"end":{"line":132,"column":53}},"46":{"start":{"line":132,"column":47},"end":{"line":132,"column":53}},"47":{"start":{"line":133,"column":4},"end":{"line":137,"column":5}},"48":{"start":{"line":134,"column":25},"end":{"line":134,"column":61}},"49":{"start":{"line":135,"column":6},"end":{"line":136,"column":72}},"50":{"start":{"line":136,"column":8},"end":{"line":136,"column":72}},"51":{"start":{"line":139,"column":25},"end":{"line":139,"column":52}},"52":{"start":{"line":140,"column":15},"end":{"line":140,"column":74}},"53":{"start":{"line":141,"column":4},"end":{"line":141,"column":42}},"54":{"start":{"line":145,"column":24},"end":{"line":145,"column":49}},"55":{"start":{"line":146,"column":24},"end":{"line":146,"column":76}},"56":{"start":{"line":147,"column":26},"end":{"line":149,"column":29}},"57":{"start":{"line":150,"column":4},"end":{"line":150,"column":41}},"58":{"start":{"line":154,"column":22},"end":{"line":154,"column":40}},"59":{"start":{"line":155,"column":34},"end":{"line":155,"column":49}},"60":{"start":{"line":156,"column":27},"end":{"line":156,"column":65}},"61":{"start":{"line":157,"column":23},"end":{"line":157,"column":75}},"62":{"start":{"line":158,"column":4},"end":{"line":158,"column":66}},"63":{"start":{"line":162,"column":43},"end":{"line":162,"column":70}},"64":{"start":{"line":163,"column":30},"end":{"line":163,"column":57}},"65":{"start":{"line":164,"column":4},"end":{"line":164,"column":50}},"66":{"start":{"line":165,"column":4},"end":{"line":165,"column":45}},"67":{"start":{"line":166,"column":4},"end":{"line":170,"column":5}},"68":{"start":{"line":168,"column":8},"end":{"line":168,"column":69}},"69":{"start":{"line":171,"column":4},"end":{"line":171,"column":45}}},"fnMap":{"0":{"name":"(anonymous_0)","decl":{"start":{"line":18,"column":22},"end":{"line":18,"column":23}},"loc":{"start":{"line":18,"column":35},"end":{"line":22,"column":3}},"line":18},"1":{"name":"(anonymous_1)","decl":{"start":{"line":26,"column":33},"end":{"line":26,"column":34}},"loc":{"start":{"line":27,"column":4},"end":{"line":27,"column":59}},"line":27},"2":{"name":"(anonymous_2)","decl":{"start":{"line":29,"column":36},"end":{"line":29,"column":37}},"loc":{"start":{"line":30,"column":4},"end":{"line":30,"column":62}},"line":30},"3":{"name":"(anonymous_3)","decl":{"start":{"line":33,"column":28},"end":{"line":33,"column":29}},"loc":{"start":{"line":34,"column":4},"end":{"line":39,"column":5}},"line":34},"4":{"name":"(anonymous_4)","decl":{"start":{"line":41,"column":2},"end":{"line":41,"column":3}},"loc":{"start":{"line":41,"column":52},"end":{"line":64,"column":3}},"line":41},"5":{"name":"(anonymous_5)","decl":{"start":{"line":66,"column":33},"end":{"line":66,"column":34}},"loc":{"start":{"line":67,"column":4},"end":{"line":69,"column":6}},"line":67},"6":{"name":"(anonymous_6)","decl":{"start":{"line":71,"column":25},"end":{"line":71,"column":26}},"loc":{"start":{"line":76,"column":47},"end":{"line":92,"column":3}},"line":76},"7":{"name":"(anonymous_7)","decl":{"start":{"line":94,"column":33},"end":{"line":94,"column":34}},"loc":{"start":{"line":94,"column":79},"end":{"line":112,"column":3}},"line":94},"8":{"name":"(anonymous_8)","decl":{"start":{"line":114,"column":2},"end":{"line":114,"column":3}},"loc":{"start":{"line":119,"column":4},"end":{"line":129,"column":3}},"line":119},"9":{"name":"(anonymous_9)","decl":{"start":{"line":131,"column":2},"end":{"line":131,"column":3}},"loc":{"start":{"line":131,"column":39},"end":{"line":142,"column":3}},"line":131},"10":{"name":"(anonymous_10)","decl":{"start":{"line":144,"column":2},"end":{"line":144,"column":3}},"loc":{"start":{"line":144,"column":25},"end":{"line":151,"column":3}},"line":144},"11":{"name":"(anonymous_11)","decl":{"start":{"line":153,"column":2},"end":{"line":153,"column":3}},"loc":{"start":{"line":153,"column":25},"end":{"line":159,"column":3}},"line":153},"12":{"name":"(anonymous_12)","decl":{"start":{"line":161,"column":2},"end":{"line":161,"column":3}},"loc":{"start":{"line":161,"column":41},"end":{"line":172,"column":3}},"line":161},"13":{"name":"(anonymous_13)","decl":{"start":{"line":167,"column":28},"end":{"line":167,"column":29}},"loc":{"start":{"line":168,"column":8},"end":{"line":168,"column":69}},"line":168}},"branchMap":{"0":{"loc":{"start":{"line":42,"column":4},"end":{"line":42,"column":25}},"type":"if","locations":[{"start":{"line":42,"column":4},"end":{"line":42,"column":25}},{"start":{},"end":{}}],"line":42},"1":{"loc":{"start":{"line":45,"column":4},"end":{"line":48,"column":5}},"type":"if","locations":[{"start":{"line":45,"column":4},"end":{"line":48,"column":5}},{"start":{},"end":{}}],"line":45},"2":{"loc":{"start":{"line":49,"column":4},"end":{"line":52,"column":5}},"type":"if","locations":[{"start":{"line":49,"column":4},"end":{"line":52,"column":5}},{"start":{},"end":{}}],"line":49},"3":{"loc":{"start":{"line":54,"column":4},"end":{"line":61,"column":5}},"type":"if","locations":[{"start":{"line":54,"column":4},"end":{"line":61,"column":5}},{"start":{},"end":{}}],"line":54},"4":{"loc":{"start":{"line":84,"column":15},"end":{"line":90,"column":11}},"type":"cond-expr","locations":[{"start":{"line":85,"column":10},"end":{"line":85,"column":14}},{"start":{"line":86,"column":10},"end":{"line":90,"column":11}}],"line":84},"5":{"loc":{"start":{"line":108,"column":24},"end":{"line":108,"column":73}},"type":"cond-expr","locations":[{"start":{"line":108,"column":52},"end":{"line":108,"column":63}},{"start":{"line":108,"column":66},"end":{"line":108,"column":73}}],"line":108},"6":{"loc":{"start":{"line":118,"column":4},"end":{"line":118,"column":28}},"type":"default-arg","locations":[{"start":{"line":118,"column":23},"end":{"line":118,"column":28}}],"line":118},"7":{"loc":{"start":{"line":120,"column":4},"end":{"line":120,"column":53}},"type":"if","locations":[{"start":{"line":120,"column":4},"end":{"line":120,"column":53}},{"start":{},"end":{}}],"line":120},"8":{"loc":{"start":{"line":125,"column":4},"end":{"line":128,"column":5}},"type":"if","locations":[{"start":{"line":125,"column":4},"end":{"line":128,"column":5}},{"start":{},"end":{}}],"line":125},"9":{"loc":{"start":{"line":125,"column":8},"end":{"line":125,"column":39}},"type":"binary-expr","locations":[{"start":{"line":125,"column":8},"end":{"line":125,"column":28}},{"start":{"line":125,"column":32},"end":{"line":125,"column":39}}],"line":125},"10":{"loc":{"start":{"line":132,"column":4},"end":{"line":132,"column":53}},"type":"if","locations":[{"start":{"line":132,"column":4},"end":{"line":132,"column":53}},{"start":{},"end":{}}],"line":132},"11":{"loc":{"start":{"line":133,"column":4},"end":{"line":137,"column":5}},"type":"if","locations":[{"start":{"line":133,"column":4},"end":{"line":137,"column":5}},{"start":{},"end":{}}],"line":133},"12":{"loc":{"start":{"line":135,"column":6},"end":{"line":136,"column":72}},"type":"if","locations":[{"start":{"line":135,"column":6},"end":{"line":136,"column":72}},{"start":{},"end":{}}],"line":135},"13":{"loc":{"start":{"line":146,"column":24},"end":{"line":146,"column":76}},"type":"cond-expr","locations":[{"start":{"line":146,"column":38},"end":{"line":146,"column":54}},{"start":{"line":146,"column":57},"end":{"line":146,"column":76}}],"line":146},"14":{"loc":{"start":{"line":147,"column":26},"end":{"line":149,"column":29}},"type":"cond-expr","locations":[{"start":{"line":148,"column":8},"end":{"line":148,"column":26}},{"start":{"line":149,"column":8},"end":{"line":149,"column":29}}],"line":147},"15":{"loc":{"start":{"line":158,"column":11},"end":{"line":158,"column":66}},"type":"cond-expr","locations":[{"start":{"line":158,"column":39},"end":{"line":158,"column":53}},{"start":{"line":158,"column":56},"end":{"line":158,"column":66}}],"line":158}},"s":{"0":0,"1":0,"2":0,"3":0,"4":0,"5":0,"6":0,"7":0,"8":0,"9":0,"10":0,"11":0,"12":0,"13":0,"14":0,"15":0,"16":0,"17":0,"18":0,"19":0,"20":0,"21":0,"22":0,"23":0,"24":0,"25":0,"26":0,"27":0,"28":0,"29":0,"30":0,"31":0,"32":0,"33":0,"34":0,"35":0,"36":0,"37":0,"38":0,"39":0,"40":0,"41":0,"42":0,"43":0,"44":0,"45":0,"46":0,"47":0,"48":0,"49":0,"50":0,"51":0,"52":0,"53":0,"54":0,"55":0,"56":0,"57":0,"58":0,"59":0,"60":0,"61":0,"62":0,"63":0,"64":0,"65":0,"66":0,"67":0,"68":0,"69":0},"f":{"0":0,"1":0,"2":0,"3":0,"4":0,"5":0,"6":0,"7":0,"8":0,"9":0,"10":0,"11":0,"12":0,"13":0},"b":{"0":[0,0],"1":[0,0],"2":[0,0],"3":[0,0],"4":[0,0],"5":[0,0],"6":[0],"7":[0,0],"8":[0,0],"9":[0,0],"10":[0,0],"11":[0,0],"12":[0,0],"13":[0,0],"14":[0,0],"15":[0,0]}}
,"/home/chuls/Documents/projects/besaints/utils/utils.ts": {"path":"/home/chuls/Documents/projects/besaints/utils/utils.ts","statementMap":{"0":{"start":{"line":8,"column":17},"end":{"line":8,"column":35}},"1":{"start":{"line":9,"column":16},"end":{"line":9,"column":25}},"2":{"start":{"line":10,"column":14},"end":{"line":10,"column":23}},"3":{"start":{"line":11,"column":13},"end":{"line":11,"column":23}},"4":{"start":{"line":12,"column":22},"end":{"line":12,"column":64}},"5":{"start":{"line":13,"column":2},"end":{"line":13,"column":53}},"6":{"start":{"line":14,"column":2},"end":{"line":14,"column":20}},"7":{"start":{"line":19,"column":16},"end":{"line":19,"column":31}},"8":{"start":{"line":20,"column":16},"end":{"line":20,"column":34}},"9":{"start":{"line":21,"column":14},"end":{"line":21,"column":32}},"10":{"start":{"line":22,"column":2},"end":{"line":22,"column":21}},"11":{"start":{"line":26,"column":14},"end":{"line":26,"column":24}},"12":{"start":{"line":27,"column":2},"end":{"line":27,"column":39}},"13":{"start":{"line":31,"column":19},"end":{"line":31,"column":73}},"14":{"start":{"line":32,"column":17},"end":{"line":32,"column":31}},"15":{"start":{"line":34,"column":2},"end":{"line":34,"column":31}},"16":{"start":{"line":34,"column":16},"end":{"line":34,"column":31}},"17":{"start":{"line":35,"column":2},"end":{"line":35,"column":37}},"18":{"start":{"line":35,"column":18},"end":{"line":35,"column":37}},"19":{"start":{"line":37,"column":2},"end":{"line":37,"column":26}},"20":{"start":{"line":40,"column":26},"end":{"line":44,"column":1}},"21":{"start":{"line":41,"column":14},"end":{"line":41,"column":24}},"22":{"start":{"line":42,"column":15},"end":{"line":42,"column":32}},"23":{"start":{"line":43,"column":2},"end":{"line":43,"column":62}},"24":{"start":{"line":46,"column":27},"end":{"line":52,"column":1}},"25":{"start":{"line":47,"column":2},"end":{"line":51,"column":4}}},"fnMap":{"0":{"name":"createDateTrigger","decl":{"start":{"line":3,"column":16},"end":{"line":3,"column":33}},"loc":{"start":{"line":7,"column":8},"end":{"line":15,"column":1}},"line":7},"1":{"name":"parseStrDate","decl":{"start":{"line":17,"column":16},"end":{"line":17,"column":28}},"loc":{"start":{"line":17,"column":61},"end":{"line":23,"column":1}},"line":17},"2":{"name":"compareTodayvsDate","decl":{"start":{"line":25,"column":16},"end":{"line":25,"column":34}},"loc":{"start":{"line":25,"column":49},"end":{"line":28,"column":1}},"line":25},"3":{"name":"getDateStr","decl":{"start":{"line":30,"column":16},"end":{"line":30,"column":26}},"loc":{"start":{"line":30,"column":64},"end":{"line":38,"column":1}},"line":30},"4":{"name":"(anonymous_4)","decl":{"start":{"line":40,"column":26},"end":{"line":40,"column":27}},"loc":{"start":{"line":40,"column":32},"end":{"line":44,"column":1}},"line":40},"5":{"name":"(anonymous_5)","decl":{"start":{"line":46,"column":27},"end":{"line":46,"column":28}},"loc":{"start":{"line":46,"column":53},"end":{"line":52,"column":1}},"line":46}},"branchMap":{"0":{"loc":{"start":{"line":31,"column":19},"end":{"line":31,"column":73}},"type":"cond-expr","locations":[{"start":{"line":31,"column":36},"end":{"line":31,"column":55}},{"start":{"line":31,"column":58},"end":{"line":31,"column":73}}],"line":31},"1":{"loc":{"start":{"line":34,"column":2},"end":{"line":34,"column":31}},"type":"if","locations":[{"start":{"line":34,"column":2},"end":{"line":34,"column":31}},{"start":{},"end":{}}],"line":34},"2":{"loc":{"start":{"line":35,"column":2},"end":{"line":35,"column":37}},"type":"if","locations":[{"start":{"line":35,"column":2},"end":{"line":35,"column":37}},{"start":{},"end":{}}],"line":35},"3":{"loc":{"start":{"line":43,"column":9},"end":{"line":43,"column":62}},"type":"binary-expr","locations":[{"start":{"line":43,"column":10},"end":{"line":43,"column":23}},{"start":{"line":43,"column":27},"end":{"line":43,"column":42}},{"start":{"line":43,"column":47},"end":{"line":43,"column":62}}],"line":43}},"s":{"0":1,"1":1,"2":1,"3":1,"4":1,"5":1,"6":1,"7":2,"8":2,"9":2,"10":2,"11":1,"12":1,"13":3,"14":3,"15":3,"16":2,"17":3,"18":3,"19":3,"20":1,"21":0,"22":0,"23":0,"24":1,"25":0},"f":{"0":1,"1":2,"2":1,"3":3,"4":0,"5":0},"b":{"0":[2,1],"1":[2,1],"2":[3,0],"3":[0,0,0]},"_coverageSchema":"1a1c01bbd47fc00a2c39e90264f33305004495a9","hash":"24b81579537cb7c246cdb793752c56505f14d8b9"}
}
